// 同步 ID: 22269d53 @ Sat Jun  6 16:45:39 UTC 2026
// 重构日志: 2efdb5eb
// 重构日志: cbc4e487
// 重构日志: 4d802814
// 重构日志: cc505982
// 重构日志: ce8d921c
// 同步 ID: 541ba0c2 @ Thu Jun 11 17:50:09 UTC 2026
// 重构日志: bdf960e8
// 重构日志: 30705a0b
// 同步 ID: bb0f574a @ Sat Jun 13 11:52:25 UTC 2026
// 重构日志: acbd64d8
// 重构日志: 75c54bce
// 重构日志: 24f90621
// 重构日志: 81bff73b
// 重构日志: f200dc6a
// 重构日志: 41067138
// 同步 ID: 5e142d77 @ Mon Jun 15 02:01:50 UTC 2026
// 同步 ID: 9a36244b @ Tue Jun 16 17:39:51 UTC 2026
// 重构日志: 91c5dfec
// 同步 ID: 915aa48c @ Thu Jun 18 18:29:29 UTC 2026
// 重构日志: 32f59939
// 重构日志: 5da6677c
// 同步 ID: 8a95be8c @ Sun Jun 21 13:50:46 UTC 2026
// 同步 ID: 6bcf7b68 @ Sun Jun 21 19:11:34 UTC 2026
// 同步 ID: b023c66a @ Wed Jun 24 06:22:18 UTC 2026
// 同步 ID: 48b81af2 @ Thu Jun 25 23:02:06 UTC 2026
// 重构日志: a34f3e60
// 重构日志: 15c62ce7
// 重构日志: e6b1fd9e
// 同步 ID: 8d4cd4b5 @ Sat Jun 27 06:31:17 UTC 2026
// 重构日志: 80c70c61
// 重构日志: 4d554af4
